# JRE version: Java(TM) SE Runtime Environment (8.0_91-b14) (build 1.8.0_91-b14)
# Java VM: Java HotSpot(TM) 64-Bit Server VM (25.91-b14 mixed mode windows-amd64 compressed oops)
Heap:
 PSYoungGen      total 18944K, used 17820K [0x00000000eab00000, 0x00000000ec000000, 0x0000000100000000)
  eden space 16384K, 93% used [0x00000000eab00000,0x00000000eb9ef2a0,0x00000000ebb00000)
  from space 2560K, 98% used [0x00000000ebd80000,0x00000000ebff8028,0x00000000ec000000)
  to   space 2560K, 0% used [0x00000000ebb00000,0x00000000ebb00000,0x00000000ebd80000)
 ParOldGen       total 26112K, used 3260K [0x00000000c0000000, 0x00000000c1980000, 0x00000000eab00000)
  object space 26112K, 12% used [0x00000000c0000000,0x00000000c032f2c0,0x00000000c1980000)
 Metaspace       used 6145K, capacity 6966K, committed 7040K, reserved 1060864K
  class space    used 605K, capacity 622K, committed 640K, reserved 1048576K
GC Heap History (6 events):
Event: 3.390 GC heap before
{Heap before GC invocations=1 (full 0):
 PSYoungGen      total 18944K, used 14148K [0x00000000eab00000, 0x00000000ec000000, 0x0000000100000000)
  eden space 16384K, 86% used [0x00000000eab00000,0x00000000eb8d1200,0x00000000ebb00000)
  from space 2560K, 0% used [0x00000000ebd80000,0x00000000ebd80000,0x00000000ec000000)
  to   space 2560K, 0% used [0x00000000ebb00000,0x00000000ebb00000,0x00000000ebd80000)
 ParOldGen       total 44032K, used 0K [0x00000000c0000000, 0x00000000c2b00000, 0x00000000eab00000)
  object space 44032K, 0% used [0x00000000c0000000,0x00000000c0000000,0x00000000c2b00000)
 Metaspace       used 5246K, capacity 6160K, committed 6272K, reserved 1062912K
  class space    used 575K, capacity 584K, committed 640K, reserved 1048576K
Event: 3.442 GC heap after
Heap after GC invocations=1 (full 0):
 PSYoungGen      total 18944K, used 2538K [0x00000000eab00000, 0x00000000ec000000, 0x0000000100000000)
  eden space 16384K, 0% used [0x00000000eab00000,0x00000000eab00000,0x00000000ebb00000)
  from space 2560K, 99% used [0x00000000ebb00000,0x00000000ebd7ab90,0x00000000ebd80000)
  to   space 2560K, 0% used [0x00000000ebd80000,0x00000000ebd80000,0x00000000ec000000)
 ParOldGen       total 44032K, used 308K [0x00000000c0000000, 0x00000000c2b00000, 0x00000000eab00000)
  object space 44032K, 0% used [0x00000000c0000000,0x00000000c004d110,0x00000000c2b00000)
 Metaspace       used 5246K, capacity 6160K, committed 6272K, reserved 1062912K
  class space    used 575K, capacity 584K, committed 640K, reserved 1048576K
}
Event: 3.442 GC heap before
{Heap before GC invocations=2 (full 1):
 PSYoungGen      total 18944K, used 2538K [0x00000000eab00000, 0x00000000ec000000, 0x0000000100000000)
  eden space 16384K, 0% used [0x00000000eab00000,0x00000000eab00000,0x00000000ebb00000)
  from space 2560K, 99% used [0x00000000ebb00000,0x00000000ebd7ab90,0x00000000ebd80000)
  to   space 2560K, 0% used [0x00000000ebd80000,0x00000000ebd80000,0x00000000ec000000)
 ParOldGen       total 44032K, used 308K [0x00000000c0000000, 0x00000000c2b00000, 0x00000000eab00000)
  object space 44032K, 0% used [0x00000000c0000000,0x00000000c004d110,0x00000000c2b00000)
 Metaspace       used 5246K, capacity 6160K, committed 6272K, reserved 1062912K
  class space    used 575K, capacity 584K, committed 640K, reserved 1048576K
Event: 3.475 GC heap after
Heap after GC invocations=2 (full 1):
 PSYoungGen      total 18944K, used 0K [0x00000000eab00000, 0x00000000ec000000, 0x0000000100000000)
  eden space 16384K, 0% used [0x00000000eab00000,0x00000000eab00000,0x00000000ebb00000)
  from space 2560K, 0% used [0x00000000ebb00000,0x00000000ebb00000,0x00000000ebd80000)
  to   space 2560K, 0% used [0x00000000ebd80000,0x00000000ebd80000,0x00000000ec000000)
 ParOldGen       total 26112K, used 2712K [0x00000000c0000000, 0x00000000c1980000, 0x00000000eab00000)
  object space 26112K, 10% used [0x00000000c0000000,0x00000000c02a6330,0x00000000c1980000)
 Metaspace       used 5246K, capacity 6160K, committed 6272K, reserved 1060864K
  class space    used 575K, capacity 584K, committed 640K, reserved 1048576K
}
Event: 3.876 GC heap before
{Heap before GC invocations=3 (full 1):
 PSYoungGen      total 18944K, used 16384K [0x00000000eab00000, 0x00000000ec000000, 0x0000000100000000)
  eden space 16384K, 100% used [0x00000000eab00000,0x00000000ebb00000,0x00000000ebb00000)
  from space 2560K, 0% used [0x00000000ebb00000,0x00000000ebb00000,0x00000000ebd80000)
  to   space 2560K, 0% used [0x00000000ebd80000,0x00000000ebd80000,0x00000000ec000000)
 ParOldGen       total 26112K, used 2712K [0x00000000c0000000, 0x00000000c1980000, 0x00000000eab00000)
  object space 26112K, 10% used [0x00000000c0000000,0x00000000c02a6330,0x00000000c1980000)
 Metaspace       used 5970K, capacity 6838K, committed 7040K, reserved 1060864K
  class space    used 601K, capacity 622K, committed 640K, reserved 1048576K
Event: 3.881 GC heap after
Heap after GC invocations=3 (full 1):
 PSYoungGen      total 18944K, used 2528K [0x00000000eab00000, 0x00000000ec000000, 0x0000000100000000)
  eden space 16384K, 0% used [0x00000000eab00000,0x00000000eab00000,0x00000000ebb00000)
  from space 2560K, 98% used [0x00000000ebd80000,0x00000000ebff8028,0x00000000ec000000)
  to   space 2560K, 0% used [0x00000000ebb00000,0x00000000ebb00000,0x00000000ebd80000)
 ParOldGen       total 26112K, used 3260K [0x00000000c0000000, 0x00000000c1980000, 0x00000000eab00000)
  object space 26112K, 12% used [0x00000000c0000000,0x00000000c032f2c0,0x00000000c1980000)
 Metaspace       used 5970K, capacity 6838K, committed 7040K, reserved 1060864K
  class space    used 601K, capacity 622K, committed 640K, reserved 1048576K
}

